<?xml version="1.0" encoding="UTF-8"?>
<!-- Generated by org.testng.reporters.JUnitReportReporter -->
<testsuite hostname="DESKTOP-JK1AUDL" failures="0" tests="1" name="testScript.LoginTest" time="8.801" errors="0" timestamp="2025-05-03T18:43:57 IST" skipped="0">
  <testcase classname="testScript.LoginTest" name="verifyTheUserIsAbleToLoginUsingValidCredentials" time="8.801"/>
</testsuite> <!-- testScript.LoginTest -->
