<?xml version="1.0" encoding="UTF-8"?>
<!-- Generated by org.testng.reporters.JUnitReportReporter -->
<testsuite hostname="DESKTOP-JK1AUDL" failures="0" tests="1" name="testScript.AdminUsersTest" time="15.499" errors="0" timestamp="2025-05-11T12:46:27 IST" skipped="0">
  <testcase classname="testScript.AdminUsersTest" name="verifyThatUserIsAbleToSaveUserDeatils" time="15.499"/>
</testsuite> <!-- testScript.AdminUsersTest -->
