<?xml version="1.0" encoding="UTF-8"?>
<!-- Generated by org.testng.reporters.JUnitReportReporter -->
<testsuite hostname="DESKTOP-JK1AUDL" failures="0" tests="1" name="testScript.LoginTest" time="13.143" errors="0" timestamp="2025-05-11T12:44:04 IST" skipped="0">
  <testcase classname="testScript.LoginTest" name="verifyTheUserIsAbleToLoginUsingValidCredentials" time="13.143"/>
</testsuite> <!-- testScript.LoginTest -->
