<?xml version="1.0" encoding="UTF-8"?>
<!-- Generated by org.testng.reporters.JUnitReportReporter -->
<testsuite hostname="DESKTOP-JK1AUDL" failures="0" tests="1" name="testScript.ManageContactTest" time="12.242" errors="0" timestamp="2025-05-02T21:21:36 IST" skipped="0">
  <testcase classname="testScript.ManageContactTest" name="verifyIfUserAbleToUpdateContactDetails" time="12.242"/>
</testsuite> <!-- testScript.ManageContactTest -->
